user,time,action,status
user,Thu Dec 19 2019 20:09:20 GMT+0800 (GMT+08:00),createaToken,success
user,Thu Dec 19 2019 20:09:20 GMT+0800 (GMT+08:00),accessAPI:login,success
user,Thu Dec 19 2019 20:14:03 GMT+0800 (GMT+08:00),createaToken,success
user,Thu Dec 19 2019 20:14:03 GMT+0800 (GMT+08:00),accessAPI:login,success
user,Thu Dec 19 2019 20:14:39 GMT+0800 (GMT+08:00),createaToken,success
user,Thu Dec 19 2019 20:14:39 GMT+0800 (GMT+08:00),accessAPI:login,success
user,Thu Dec 19 2019 20:14:51 GMT+0800 (GMT+08:00),createaToken,success
user,Thu Dec 19 2019 20:14:51 GMT+0800 (GMT+08:00),accessAPI:login,success
user,Thu Dec 19 2019 20:15:41 GMT+0800 (GMT+08:00),createaToken,success
user,Thu Dec 19 2019 20:15:41 GMT+0800 (GMT+08:00),accessAPI:login,success
user,Thu Dec 19 2019 20:28:30 GMT+0800 (GMT+08:00),createaToken,success
user,Thu Dec 19 2019 20:28:30 GMT+0800 (GMT+08:00),accessAPI:login,success
user,Thu Dec 19 2019 20:29:27 GMT+0800 (GMT+08:00),createaToken,success
user,Thu Dec 19 2019 20:29:27 GMT+0800 (GMT+08:00),accessAPI:login,success
undefined,Thu Dec 19 2019 20:29:28 GMT+0800 (GMT+08:00),accessAPI:getLogHandle,error
user,Thu Dec 19 2019 20:32:09 GMT+0800 (GMT+08:00),createaToken,success
user,Thu Dec 19 2019 20:32:09 GMT+0800 (GMT+08:00),accessAPI:login,success
undefined,Thu Dec 19 2019 20:32:10 GMT+0800 (GMT+08:00),accessAPI:getLogHandle,error
user,Thu Dec 19 2019 20:33:27 GMT+0800 (GMT+08:00),createaToken,success
user,Thu Dec 19 2019 20:33:27 GMT+0800 (GMT+08:00),accessAPI:login,success
undefined,Thu Dec 19 2019 20:33:28 GMT+0800 (GMT+08:00),accessAPI:getLogHandle,error
undefined,Fri Dec 20 2019 16:06:22 GMT+0800 (GMT+08:00),accessAPI:getLogHandle,error
undefined,Fri Dec 20 2019 16:06:36 GMT+0800 (GMT+08:00),accessAPI:getLogHandle,error
user,Fri Dec 20 2019 16:09:53 GMT+0800 (GMT+08:00),createaToken,success
user,Fri Dec 20 2019 16:09:53 GMT+0800 (GMT+08:00),accessAPI:login,success
undefined,Fri Dec 20 2019 16:09:54 GMT+0800 (GMT+08:00),accessAPI:getLogHandle,error
user,Fri Dec 20 2019 16:11:16 GMT+0800 (GMT+08:00),createaToken,success
user,Fri Dec 20 2019 16:11:16 GMT+0800 (GMT+08:00),accessAPI:login,success
undefined,Fri Dec 20 2019 16:14:31 GMT+0800 (GMT+08:00),accessAPI:getLogHandle,error
undefined,Fri Dec 20 2019 16:14:44 GMT+0800 (GMT+08:00),accessAPI:getLogHandle,error
undefined,Fri Dec 20 2019 16:15:48 GMT+0800 (GMT+08:00),accessAPI:getLogHandle,error
undefined,Fri Dec 20 2019 16:15:55 GMT+0800 (GMT+08:00),accessAPI:getLogHandle,error
user,Fri Dec 20 2019 16:16:06 GMT+0800 (GMT+08:00),createaToken,success
user,Fri Dec 20 2019 16:16:06 GMT+0800 (GMT+08:00),accessAPI:login,success
user,Fri Dec 20 2019 16:16:14 GMT+0800 (GMT+08:00),checkToken,success
user,Fri Dec 20 2019 16:16:14 GMT+0800 (GMT+08:00),accessAPI:getLogHandle,success
undefined,Fri Dec 20 2019 16:16:40 GMT+0800 (GMT+08:00),accessAPI:getLogHandle,error
undefined,Fri Dec 20 2019 16:17:12 GMT+0800 (GMT+08:00),accessAPI:getLogHandle,error
undefined,Fri Dec 20 2019 16:17:24 GMT+0800 (GMT+08:00),accessAPI:getLogHandle,error
undefined,Fri Dec 20 2019 16:19:04 GMT+0800 (GMT+08:00),accessAPI:getLogHandle,error
undefined,Fri Dec 20 2019 16:19:51 GMT+0800 (GMT+08:00),accessAPI:getLogHandle,error
user,Fri Dec 20 2019 16:21:41 GMT+0800 (GMT+08:00),createaToken,success
user,Fri Dec 20 2019 16:21:41 GMT+0800 (GMT+08:00),accessAPI:login,success
user,Fri Dec 20 2019 16:21:46 GMT+0800 (GMT+08:00),checkToken,success
user,Fri Dec 20 2019 16:23:00 GMT+0800 (GMT+08:00),createaToken,success
user,Fri Dec 20 2019 16:23:00 GMT+0800 (GMT+08:00),accessAPI:login,success
user,Fri Dec 20 2019 16:23:01 GMT+0800 (GMT+08:00),checkToken,success
user,Fri Dec 20 2019 16:24:09 GMT+0800 (GMT+08:00),createaToken,success
user,Fri Dec 20 2019 16:24:09 GMT+0800 (GMT+08:00),accessAPI:login,success
user,Fri Dec 20 2019 16:24:10 GMT+0800 (GMT+08:00),checkToken,success
user,Fri Dec 20 2019 16:25:30 GMT+0800 (GMT+08:00),accessAPI:getLogHandle,success
user,Fri Dec 20 2019 16:25:51 GMT+0800 (GMT+08:00),createaToken,success
user,Fri Dec 20 2019 16:25:51 GMT+0800 (GMT+08:00),accessAPI:login,success
user,Fri Dec 20 2019 16:26:04 GMT+0800 (GMT+08:00),checkToken,success
user,Fri Dec 20 2019 16:26:37 GMT+0800 (GMT+08:00),createaToken,success
user,Fri Dec 20 2019 16:26:37 GMT+0800 (GMT+08:00),accessAPI:login,success
user,Fri Dec 20 2019 16:26:38 GMT+0800 (GMT+08:00),checkToken,success
user,Fri Dec 20 2019 16:27:21 GMT+0800 (GMT+08:00),createaToken,success
user,Fri Dec 20 2019 16:27:21 GMT+0800 (GMT+08:00),accessAPI:login,success
user,Fri Dec 20 2019 16:27:22 GMT+0800 (GMT+08:00),checkToken,success
user,Fri Dec 20 2019 16:27:28 GMT+0800 (GMT+08:00),accessAPI:getLogHandle,success
undefined,Fri Dec 20 2019 16:41:25 GMT+0800 (GMT+08:00),accessAPI:getLogHandle,error
user,Fri Dec 20 2019 16:41:39 GMT+0800 (GMT+08:00),createaToken,success
user,Fri Dec 20 2019 16:41:39 GMT+0800 (GMT+08:00),accessAPI:login,success
user,Fri Dec 20 2019 16:41:40 GMT+0800 (GMT+08:00),checkToken,success
user,Fri Dec 20 2019 16:41:40 GMT+0800 (GMT+08:00),accessAPI:getLogHandle,success
user,Fri Dec 20 2019 16:41:45 GMT+0800 (GMT+08:00),checkToken,success
user,Fri Dec 20 2019 16:41:45 GMT+0800 (GMT+08:00),accessAPI:getLogHandle,success
undefined,Fri Dec 20 2019 16:42:04 GMT+0800 (GMT+08:00),accessAPI:getLogHandle,error
undefined,Fri Dec 20 2019 16:42:44 GMT+0800 (GMT+08:00),accessAPI:getLogHandle,error
undefined,Fri Dec 20 2019 16:42:44 GMT+0800 (GMT+08:00),accessAPI:getLogHandle,error
undefined,Fri Dec 20 2019 16:42:50 GMT+0800 (GMT+08:00),accessAPI:getLogHandle,error
undefined,Fri Dec 20 2019 16:43:15 GMT+0800 (GMT+08:00),accessAPI:getLogHandle,error
undefined,Fri Dec 20 2019 16:43:17 GMT+0800 (GMT+08:00),accessAPI:getLogHandle,error
user,Fri Dec 20 2019 16:43:23 GMT+0800 (GMT+08:00),createaToken,success
user,Fri Dec 20 2019 16:43:23 GMT+0800 (GMT+08:00),accessAPI:login,success
user,Fri Dec 20 2019 16:43:24 GMT+0800 (GMT+08:00),checkToken,success
user,Fri Dec 20 2019 16:43:24 GMT+0800 (GMT+08:00),accessAPI:getLogHandle,success
undefined,Fri Dec 20 2019 16:43:52 GMT+0800 (GMT+08:00),accessAPI:getLogHandle,error
user,Fri Dec 20 2019 16:44:01 GMT+0800 (GMT+08:00),createaToken,success
user,Fri Dec 20 2019 16:44:01 GMT+0800 (GMT+08:00),accessAPI:login,success
user,Fri Dec 20 2019 16:44:03 GMT+0800 (GMT+08:00),checkToken,success
user,Fri Dec 20 2019 16:44:03 GMT+0800 (GMT+08:00),accessAPI:getLogHandle,success
undefined,Fri Dec 20 2019 16:44:31 GMT+0800 (GMT+08:00),accessAPI:getLogHandle,error
user,Fri Dec 20 2019 16:44:35 GMT+0800 (GMT+08:00),createaToken,success
user,Fri Dec 20 2019 16:44:35 GMT+0800 (GMT+08:00),accessAPI:login,success
undefined,Fri Dec 20 2019 16:44:49 GMT+0800 (GMT+08:00),accessAPI:getLogHandle,error
undefined,Fri Dec 20 2019 16:46:22 GMT+0800 (GMT+08:00),accessAPI:getLogHandle,error
user,Fri Dec 20 2019 16:46:29 GMT+0800 (GMT+08:00),createaToken,success
user,Fri Dec 20 2019 16:46:29 GMT+0800 (GMT+08:00),accessAPI:login,success
user,Fri Dec 20 2019 16:46:33 GMT+0800 (GMT+08:00),checkToken,success
user,Fri Dec 20 2019 16:46:33 GMT+0800 (GMT+08:00),accessAPI:getLogHandle,success
undefined,Fri Dec 20 2019 16:47:30 GMT+0800 (GMT+08:00),accessAPI:getLogHandle,error
user,Fri Dec 20 2019 16:47:32 GMT+0800 (GMT+08:00),createaToken,success
user,Fri Dec 20 2019 16:47:32 GMT+0800 (GMT+08:00),accessAPI:login,success
user,Fri Dec 20 2019 16:47:33 GMT+0800 (GMT+08:00),checkToken,success
user,Fri Dec 20 2019 16:47:33 GMT+0800 (GMT+08:00),accessAPI:getLogHandle,success
undefined,Fri Dec 20 2019 16:49:24 GMT+0800 (GMT+08:00),accessAPI:getLogHandle,error
user,Fri Dec 20 2019 16:49:32 GMT+0800 (GMT+08:00),createaToken,success
user,Fri Dec 20 2019 16:49:32 GMT+0800 (GMT+08:00),accessAPI:login,success
user,Fri Dec 20 2019 16:49:36 GMT+0800 (GMT+08:00),checkToken,success
user,Fri Dec 20 2019 16:49:36 GMT+0800 (GMT+08:00),accessAPI:getLogHandle,success
user,Fri Dec 20 2019 16:49:40 GMT+0800 (GMT+08:00),checkToken,success
user,Fri Dec 20 2019 16:49:40 GMT+0800 (GMT+08:00),accessAPI:getLogHandle,success
undefined,Fri Dec 20 2019 16:50:07 GMT+0800 (GMT+08:00),accessAPI:getLogHandle,error
user,Fri Dec 20 2019 16:50:11 GMT+0800 (GMT+08:00),createaToken,success
user,Fri Dec 20 2019 16:50:11 GMT+0800 (GMT+08:00),accessAPI:login,success
user,Fri Dec 20 2019 16:50:12 GMT+0800 (GMT+08:00),checkToken,success
user,Fri Dec 20 2019 16:50:12 GMT+0800 (GMT+08:00),accessAPI:getLogHandle,success
user,Fri Dec 20 2019 16:50:16 GMT+0800 (GMT+08:00),checkToken,success
user,Fri Dec 20 2019 16:50:16 GMT+0800 (GMT+08:00),accessAPI:getLogHandle,success
user,Fri Dec 20 2019 16:50:19 GMT+0800 (GMT+08:00),checkToken,success
user,Fri Dec 20 2019 16:50:19 GMT+0800 (GMT+08:00),accessAPI:getLogHandle,success
user,Fri Dec 20 2019 16:50:20 GMT+0800 (GMT+08:00),checkToken,success
user,Fri Dec 20 2019 16:50:20 GMT+0800 (GMT+08:00),accessAPI:getLogHandle,success
undefined,Fri Dec 20 2019 16:50:22 GMT+0800 (GMT+08:00),accessAPI:getLogHandle,error
user,Fri Dec 20 2019 16:50:24 GMT+0800 (GMT+08:00),createaToken,success
user,Fri Dec 20 2019 16:50:24 GMT+0800 (GMT+08:00),accessAPI:login,success
user,Fri Dec 20 2019 16:50:25 GMT+0800 (GMT+08:00),checkToken,success
user,Fri Dec 20 2019 16:50:25 GMT+0800 (GMT+08:00),accessAPI:getLogHandle,success
